<?xml version="1.0" encoding="UTF-8"?>
<testsuite xmlns:xsi="http://www.w3.org/2001/XMLSchema-instance" xsi:noNamespaceSchemaLocation="https://maven.apache.org/surefire/maven-surefire-plugin/xsd/surefire-test-report.xsd" name="com.example.esdemo.EsDemoApplicationTests" time="10.452" tests="11" errors="10" skipped="0" failures="0">
  <properties>
[...]
</properties>
  <testcase name="testGetDocument" classname="com.example.esdemo.EsDemoApplicationTests" time="1.04">
    <error message="Timeout connecting to [/127.0.0.1:9200]" type="java.net.ConnectException">java.net.ConnectException: Timeout connecting to [/127.0.0.1:9200]
	at com.example.esdemo.EsDemoApplicationTests.testGetDocument(EsDemoApplicationTests.java:129)
Caused by: java.net.ConnectException: Timeout connecting to [/127.0.0.1:9200]
</error>
    <system-out><![CDATA[2022-08-12 04:22:26.743  INFO 6584 --- [           main] .b.t.c.SpringBootTestContextBootstrapper : Neither @ContextConfiguration nor @ContextHierarchy found for test class [com.example.esdemo.EsDemoApplicationTests], using SpringBootContextLoader
2022-08-12 04:22:26.745  INFO 6584 --- [           main] o.s.t.c.support.AbstractContextLoader    : Could not detect default resource locations for test class [com.example.esdemo.EsDemoApplicationTests]: no resource found for suffixes {-context.xml, Context.groovy}.
2022-08-12 04:22:26.745  INFO 6584 --- [           main] t.c.s.AnnotationConfigContextLoaderUtils : Could not detect default configuration classes for test class [com.example.esdemo.EsDemoApplicationTests]: EsDemoApplicationTests does not declare any static, non-private, non-final, nested classes annotated with @Configuration.
2022-08-12 04:22:26.748  INFO 6584 --- [           main] .b.t.c.SpringBootTestContextBootstrapper : Found @SpringBootConfiguration com.example.esdemo.EsDemoApplication for test class com.example.esdemo.EsDemoApplicationTests
2022-08-12 04:22:26.751  INFO 6584 --- [           main] .b.t.c.SpringBootTestContextBootstrapper : Loaded default TestExecutionListener class names from location [META-INF/spring.factories]: [org.springframework.boot.test.mock.mockito.MockitoTestExecutionListener, org.springframework.boot.test.mock.mockito.ResetMocksTestExecutionListener, org.springframework.boot.test.autoconfigure.restdocs.RestDocsTestExecutionListener, org.springframework.boot.test.autoconfigure.web.client.MockRestServiceServerResetTestExecutionListener, org.springframework.boot.test.autoconfigure.web.servlet.MockMvcPrintOnlyOnFailureTestExecutionListener, org.springframework.boot.test.autoconfigure.web.servlet.WebDriverTestExecutionListener, org.springframework.boot.test.autoconfigure.webservices.client.MockWebServiceServerTestExecutionListener, org.springframework.test.context.web.ServletTestExecutionListener, org.springframework.test.context.support.DirtiesContextBeforeModesTestExecutionListener, org.springframework.test.context.event.ApplicationEventsTestExecutionListener, org.springframework.test.context.support.DependencyInjectionTestExecutionListener, org.springframework.test.context.support.DirtiesContextTestExecutionListener, org.springframework.test.context.transaction.TransactionalTestExecutionListener, org.springframework.test.context.jdbc.SqlScriptsTestExecutionListener, org.springframework.test.context.event.EventPublishingTestExecutionListener]
2022-08-12 04:22:26.752  INFO 6584 --- [           main] .b.t.c.SpringBootTestContextBootstrapper : Using TestExecutionListeners: [org.springframework.test.context.web.ServletTestExecutionListener@545604a9, org.springframework.test.context.support.DirtiesContextBeforeModesTestExecutionListener@1029cf9, org.springframework.test.context.event.ApplicationEventsTestExecutionListener@1c0e4262, org.springframework.boot.test.mock.mockito.MockitoTestExecutionListener@27dfd12b, org.springframework.boot.test.autoconfigure.SpringBootDependencyInjectionTestExecutionListener@4348fa35, org.springframework.test.context.support.DirtiesContextTestExecutionListener@563843f1, org.springframework.test.context.transaction.TransactionalTestExecutionListener@38cb1606, org.springframework.test.context.jdbc.SqlScriptsTestExecutionListener@61c4cebd, org.springframework.test.context.event.EventPublishingTestExecutionListener@655909e2, org.springframework.boot.test.mock.mockito.ResetMocksTestExecutionListener@716ae973, org.springframework.boot.test.autoconfigure.restdocs.RestDocsTestExecutionListener@1171ba7e, org.springframework.boot.test.autoconfigure.web.client.MockRestServiceServerResetTestExecutionListener@56872fcb, org.springframework.boot.test.autoconfigure.web.servlet.MockMvcPrintOnlyOnFailureTestExecutionListener@7b3c2ae0, org.springframework.boot.test.autoconfigure.web.servlet.WebDriverTestExecutionListener@5d3b6585, org.springframework.boot.test.autoconfigure.webservices.client.MockWebServiceServerTestExecutionListener@41059616]
]]></system-out>
  </testcase>
  <testcase name="testDeleteIndex" classname="com.example.esdemo.EsDemoApplicationTests" time="1.02">
    <error message="Timeout connecting to [/127.0.0.1:9200]" type="java.net.ConnectException">java.net.ConnectException: Timeout connecting to [/127.0.0.1:9200]
	at com.example.esdemo.EsDemoApplicationTests.testDeleteIndex(EsDemoApplicationTests.java:88)
Caused by: java.net.ConnectException: Timeout connecting to [/127.0.0.1:9200]
</error>
  </testcase>
  <testcase name="deleteDocument" classname="com.example.esdemo.EsDemoApplicationTests" time="1.02">
    <error message="Timeout connecting to [/127.0.0.1:9200]" type="java.net.ConnectException">java.net.ConnectException: Timeout connecting to [/127.0.0.1:9200]
	at com.example.esdemo.EsDemoApplicationTests.deleteDocument(EsDemoApplicationTests.java:157)
Caused by: java.net.ConnectException: Timeout connecting to [/127.0.0.1:9200]
</error>
  </testcase>
  <testcase name="testCreateIndex" classname="com.example.esdemo.EsDemoApplicationTests" time="1.09">
    <error message="Timeout connecting to [/127.0.0.1:9200]" type="java.net.ConnectException">java.net.ConnectException: Timeout connecting to [/127.0.0.1:9200]
	at com.example.esdemo.EsDemoApplicationTests.testCreateIndex(EsDemoApplicationTests.java:68)
Caused by: java.net.ConnectException: Timeout connecting to [/127.0.0.1:9200]
</error>
  </testcase>
  <testcase name="testAddDocument" classname="com.example.esdemo.EsDemoApplicationTests" time="1.101">
    <error message="Timeout connecting to [/127.0.0.1:9200]" type="java.net.ConnectException">java.net.ConnectException: Timeout connecting to [/127.0.0.1:9200]
	at com.example.esdemo.EsDemoApplicationTests.testAddDocument(EsDemoApplicationTests.java:106)
Caused by: java.net.ConnectException: Timeout connecting to [/127.0.0.1:9200]
</error>
  </testcase>
  <testcase name="testDocumentExists" classname="com.example.esdemo.EsDemoApplicationTests" time="1.033">
    <error message="Timeout connecting to [/127.0.0.1:9200]" type="java.net.ConnectException">java.net.ConnectException: Timeout connecting to [/127.0.0.1:9200]
	at com.example.esdemo.EsDemoApplicationTests.testDocumentExists(EsDemoApplicationTests.java:119)
Caused by: java.net.ConnectException: Timeout connecting to [/127.0.0.1:9200]
</error>
  </testcase>
  <testcase name="testSearchRequest" classname="com.example.esdemo.EsDemoApplicationTests" time="1.047">
    <error message="Timeout connecting to [/127.0.0.1:9200]" type="java.net.ConnectException">java.net.ConnectException: Timeout connecting to [/127.0.0.1:9200]
	at com.example.esdemo.EsDemoApplicationTests.testSearchRequest(EsDemoApplicationTests.java:228)
Caused by: java.net.ConnectException: Timeout connecting to [/127.0.0.1:9200]
</error>
  </testcase>
  <testcase name="testBulkRequest" classname="com.example.esdemo.EsDemoApplicationTests" time="1.037">
    <error message="Timeout connecting to [/127.0.0.1:9200]" type="java.net.ConnectException">java.net.ConnectException: Timeout connecting to [/127.0.0.1:9200]
	at com.example.esdemo.EsDemoApplicationTests.testBulkRequest(EsDemoApplicationTests.java:190)
Caused by: java.net.ConnectException: Timeout connecting to [/127.0.0.1:9200]
</error>
  </testcase>
  <testcase name="testUpdateDocument" classname="com.example.esdemo.EsDemoApplicationTests" time="1.026">
    <error message="Timeout connecting to [/127.0.0.1:9200]" type="java.net.ConnectException">java.net.ConnectException: Timeout connecting to [/127.0.0.1:9200]
	at com.example.esdemo.EsDemoApplicationTests.testUpdateDocument(EsDemoApplicationTests.java:145)
Caused by: java.net.ConnectException: Timeout connecting to [/127.0.0.1:9200]
</error>
  </testcase>
  <testcase name="contextLoads" classname="com.example.esdemo.EsDemoApplicationTests" time="0.007"/>
  <testcase name="testExistsIndex" classname="com.example.esdemo.EsDemoApplicationTests" time="1.012">
    <error message="Timeout connecting to [/127.0.0.1:9200]" type="java.net.ConnectException">java.net.ConnectException: Timeout connecting to [/127.0.0.1:9200]
	at com.example.esdemo.EsDemoApplicationTests.testExistsIndex(EsDemoApplicationTests.java:78)
Caused by: java.net.ConnectException: Timeout connecting to [/127.0.0.1:9200]
</error>
  </testcase>
</testsuite>